<?xml version="1.0" encoding="UTF-8"?>
<!-- Generated by org.testng.reporters.JUnitReportReporter -->
<testsuite hostname="John" failures="0" tests="1" name="addToCartTest.ProductsAddToCartTest" time="56.359" errors="0" timestamp="2023-12-03T05:16:04 EST" skipped="0">
  <testcase classname="addToCartTest.ProductsAddToCartTest" name="ProductsAddToCartTest" time="56.359"/>
  <system-out/>
</testsuite> <!-- addToCartTest.ProductsAddToCartTest -->
